c:\users\pratik saxsena\ncrassignment\c-programming\assignment4\assignment4\assignment4\debug\assignment4.pch
c:\users\pratik saxsena\ncrassignment\c-programming\assignment4\assignment4\assignment4\debug\vc120.pdb
c:\users\pratik saxsena\ncrassignment\c-programming\assignment4\assignment4\assignment4\debug\vc120.idb
c:\users\pratik saxsena\ncrassignment\c-programming\assignment4\assignment4\assignment4\debug\stdafx.obj
c:\users\pratik saxsena\ncrassignment\c-programming\assignment4\assignment4\assignment4\debug\main.obj
c:\users\pratik saxsena\ncrassignment\c-programming\assignment4\assignment4\assignment4\debug\problem1.obj
c:\users\pratik saxsena\ncrassignment\c-programming\assignment4\assignment4\assignment4\debug\problem10.obj
c:\users\pratik saxsena\ncrassignment\c-programming\assignment4\assignment4\assignment4\debug\problem11.obj
c:\users\pratik saxsena\ncrassignment\c-programming\assignment4\assignment4\assignment4\debug\problem12.obj
c:\users\pratik saxsena\ncrassignment\c-programming\assignment4\assignment4\assignment4\debug\problem13.obj
c:\users\pratik saxsena\ncrassignment\c-programming\assignment4\assignment4\assignment4\debug\problem14.obj
c:\users\pratik saxsena\ncrassignment\c-programming\assignment4\assignment4\assignment4\debug\problem2.obj
c:\users\pratik saxsena\ncrassignment\c-programming\assignment4\assignment4\assignment4\debug\problem3.obj
c:\users\pratik saxsena\ncrassignment\c-programming\assignment4\assignment4\assignment4\debug\problem4.obj
c:\users\pratik saxsena\ncrassignment\c-programming\assignment4\assignment4\assignment4\debug\problem5.obj
c:\users\pratik saxsena\ncrassignment\c-programming\assignment4\assignment4\assignment4\debug\problem6.obj
c:\users\pratik saxsena\ncrassignment\c-programming\assignment4\assignment4\assignment4\debug\problem7.obj
c:\users\pratik saxsena\ncrassignment\c-programming\assignment4\assignment4\assignment4\debug\problem8.obj
c:\users\pratik saxsena\ncrassignment\c-programming\assignment4\assignment4\assignment4\debug\problem9.obj
c:\users\pratik saxsena\ncrassignment\c-programming\assignment4\assignment4\assignment4\debug\program15.obj
c:\users\pratik saxsena\ncrassignment\c-programming\assignment4\assignment4\assignment4\debug\string_input.obj
c:\users\pratik saxsena\ncrassignment\c-programming\assignment4\assignment4\debug\assignment4.ilk
c:\users\pratik saxsena\ncrassignment\c-programming\assignment4\assignment4\debug\assignment4.exe
c:\users\pratik saxsena\ncrassignment\c-programming\assignment4\assignment4\debug\assignment4.pdb
c:\users\pratik saxsena\ncrassignment\c-programming\assignment4\assignment4\assignment4\debug\assignment4.tlog\cl.command.1.tlog
c:\users\pratik saxsena\ncrassignment\c-programming\assignment4\assignment4\assignment4\debug\assignment4.tlog\cl.read.1.tlog
c:\users\pratik saxsena\ncrassignment\c-programming\assignment4\assignment4\assignment4\debug\assignment4.tlog\cl.write.1.tlog
c:\users\pratik saxsena\ncrassignment\c-programming\assignment4\assignment4\assignment4\debug\assignment4.tlog\link.command.1.tlog
c:\users\pratik saxsena\ncrassignment\c-programming\assignment4\assignment4\assignment4\debug\assignment4.tlog\link.read.1.tlog
c:\users\pratik saxsena\ncrassignment\c-programming\assignment4\assignment4\assignment4\debug\assignment4.tlog\link.write.1.tlog
