Build started 07-03-2019 11.56.36 AM.
     1>Project "C:\Users\Pratik saxsena\NCRAssignment\C-Programming\Assignment4\Assignment4\Assignment4\Assignment4.vcxproj" on node 2 (Build target(s)).
     1>ClCompile:
         C:\Program Files (x86)\Microsoft Visual Studio 12.0\VC\bin\CL.exe /c /ZI /nologo /W3 /WX- /sdl- /Od /Oy- /D WIN32 /D _DEBUG /D _CONSOLE /D _LIB /D _UNICODE /D UNICODE /Gm /EHsc /RTC1 /MDd /GS /fp:precise /Zc:wchar_t /Zc:forScope /Yu"stdafx.h" /Fp"Debug\Assignment4.pch" /Fo"Debug\\" /Fd"Debug\vc120.pdb" /Gd /TP /analyze- /errorReport:prompt Problem13.cpp
         Problem13.cpp
     1>c:\users\pratik saxsena\ncrassignment\c-programming\assignment4\assignment4\assignment4\problem13.cpp(99): warning C4018: '<' : signed/unsigned mismatch
       Link:
         C:\Program Files (x86)\Microsoft Visual Studio 12.0\VC\bin\link.exe /ERRORREPORT:PROMPT /OUT:"C:\Users\Pratik saxsena\NCRAssignment\C-Programming\Assignment4\Assignment4\Debug\Assignment4.exe" /INCREMENTAL /NOLOGO kernel32.lib user32.lib gdi32.lib winspool.lib comdlg32.lib advapi32.lib shell32.lib ole32.lib oleaut32.lib uuid.lib odbc32.lib odbccp32.lib /MANIFEST /MANIFESTUAC:"level='asInvoker' uiAccess='false'" /manifest:embed /DEBUG /PDB:"C:\Users\Pratik saxsena\NCRAssignment\C-Programming\Assignment4\Assignment4\Debug\Assignment4.pdb" /SUBSYSTEM:CONSOLE /TLBID:1 /DYNAMICBASE /NXCOMPAT /IMPLIB:"C:\Users\Pratik saxsena\NCRAssignment\C-Programming\Assignment4\Assignment4\Debug\Assignment4.lib" /MACHINE:X86 Debug\main.obj
         Debug\Problem1.obj
         Debug\Problem10.obj
         Debug\Problem11.obj
         Debug\Problem12.obj
         Debug\Problem13.obj
         Debug\Problem14.obj
         Debug\Problem2.obj
         Debug\Problem3.obj
         Debug\Problem4.obj
         Debug\Problem5.obj
         Debug\Problem6.obj
         Debug\Problem7.obj
         Debug\Problem8.obj
         Debug\Problem9.obj
         Debug\Program15.obj
         Debug\stdafx.obj
         Debug\String_input.obj
         Assignment4.vcxproj -> C:\Users\Pratik saxsena\NCRAssignment\C-Programming\Assignment4\Assignment4\Debug\Assignment4.exe
     1>Done Building Project "C:\Users\Pratik saxsena\NCRAssignment\C-Programming\Assignment4\Assignment4\Assignment4\Assignment4.vcxproj" (Build target(s)).

Build succeeded.

Time Elapsed 00:00:00.75
