Build started 06-02-2019 4.56.13 PM.
     1>Project "C:\Users\Pratik saxsena\NCRAssignment\C-Programming\Assignment1\Problem1\Problem1\Problem1.vcxproj" on node 2 (Build target(s)).
     1>ClCompile:
         C:\Program Files (x86)\Microsoft Visual Studio 12.0\VC\bin\CL.exe /c /ZI /nologo /W3 /WX- /sdl /Od /Oy- /D WIN32 /D _DEBUG /D _CONSOLE /D _LIB /D _UNICODE /D UNICODE /Gm /EHsc /RTC1 /MDd /GS /fp:precise /Zc:wchar_t /Zc:forScope /Yc"stdafx.h" /Fp"Debug\Problem1.pch" /Fo"Debug\\" /Fd"Debug\vc120.pdb" /Gd /TP /analyze- /errorReport:prompt stdafx.cpp
         stdafx.cpp
         C:\Program Files (x86)\Microsoft Visual Studio 12.0\VC\bin\CL.exe /c /ZI /nologo /W3 /WX- /sdl /Od /Oy- /D WIN32 /D _DEBUG /D _CONSOLE /D _LIB /D _UNICODE /D UNICODE /Gm /EHsc /RTC1 /MDd /GS /fp:precise /Zc:wchar_t /Zc:forScope /Yu"stdafx.h" /Fp"Debug\Problem1.pch" /Fo"Debug\\" /Fd"Debug\vc120.pdb" /Gd /TP /analyze- /errorReport:prompt "..\..\..\..\..\Desktop\CDAC\C-Programming\Assignment\Assignment\add.cpp" "..\..\..\..\..\Desktop\CDAC\C-Programming\Assignment\Assignment\div.cpp" "..\..\..\..\..\Desktop\CDAC\C-Programming\Assignment\Assignment\mul.cpp" "..\..\..\..\..\Desktop\CDAC\C-Programming\Assignment\Assignment\sub.cpp" Problem1.cpp
         Problem1.cpp
         sub.cpp
         mul.cpp
         div.cpp
         add.cpp
         Generating Code...
       Link:
         C:\Program Files (x86)\Microsoft Visual Studio 12.0\VC\bin\link.exe /ERRORREPORT:PROMPT /OUT:"C:\Users\Pratik saxsena\NCRAssignment\C-Programming\Assignment1\Problem1\Debug\Problem1.exe" /INCREMENTAL /NOLOGO kernel32.lib user32.lib gdi32.lib winspool.lib comdlg32.lib advapi32.lib shell32.lib ole32.lib oleaut32.lib uuid.lib odbc32.lib odbccp32.lib /MANIFEST /MANIFESTUAC:"level='asInvoker' uiAccess='false'" /manifest:embed /DEBUG /PDB:"C:\Users\Pratik saxsena\NCRAssignment\C-Programming\Assignment1\Problem1\Debug\Problem1.pdb" /SUBSYSTEM:CONSOLE /TLBID:1 /DYNAMICBASE /NXCOMPAT /IMPLIB:"C:\Users\Pratik saxsena\NCRAssignment\C-Programming\Assignment1\Problem1\Debug\Problem1.lib" /MACHINE:X86 Debug\add.obj
         Debug\div.obj
         Debug\mul.obj
         Debug\sub.obj
         Debug\Problem1.obj
         Debug\stdafx.obj
         Problem1.vcxproj -> C:\Users\Pratik saxsena\NCRAssignment\C-Programming\Assignment1\Problem1\Debug\Problem1.exe
     1>Done Building Project "C:\Users\Pratik saxsena\NCRAssignment\C-Programming\Assignment1\Problem1\Problem1\Problem1.vcxproj" (Build target(s)).

Build succeeded.

Time Elapsed 00:00:02.87
