Build started 17-02-2019 5.19.14 PM.
     1>Project "C:\Users\Pratik saxsena\NCRAssignment\C++\Assignment1\Assignment1\Assignment1.vcxproj" on node 2 (Build target(s)).
     1>ClCompile:
         C:\Program Files (x86)\Microsoft Visual Studio 12.0\VC\bin\CL.exe /c /ZI /nologo /W3 /WX- /sdl- /Od /Oy- /D WIN32 /D _DEBUG /D _CONSOLE /D _LIB /D _UNICODE /D UNICODE /Gm /EHsc /RTC1 /MDd /GS /fp:precise /Zc:wchar_t /Zc:forScope /Yu"stdafx.h" /Fp"Debug\Assignment1.pch" /Fo"Debug\\" /Fd"Debug\vc120.pdb" /Gd /TP /analyze- /errorReport:prompt Program5.cpp main.cpp
         main.cpp
     1>c:\users\pratik saxsena\ncrassignment\c++\assignment1\assignment1\program2.cpp(15): warning C4996: 'strcpy': This function or variable may be unsafe. Consider using strcpy_s instead. To disable deprecation, use _CRT_SECURE_NO_WARNINGS. See online help for details.
                 c:\program files (x86)\microsoft visual studio 12.0\vc\include\string.h(112) : see declaration of 'strcpy'
     1>c:\users\pratik saxsena\ncrassignment\c++\assignment1\assignment1\program2.cpp(33): warning C4996: 'strcpy': This function or variable may be unsafe. Consider using strcpy_s instead. To disable deprecation, use _CRT_SECURE_NO_WARNINGS. See online help for details.
                 c:\program files (x86)\microsoft visual studio 12.0\vc\include\string.h(112) : see declaration of 'strcpy'
     1>c:\users\pratik saxsena\ncrassignment\c++\assignment1\assignment1\program2.cpp(39): warning C4996: 'strcpy': This function or variable may be unsafe. Consider using strcpy_s instead. To disable deprecation, use _CRT_SECURE_NO_WARNINGS. See online help for details.
                 c:\program files (x86)\microsoft visual studio 12.0\vc\include\string.h(112) : see declaration of 'strcpy'
     1>c:\users\pratik saxsena\ncrassignment\c++\assignment1\assignment1\program2.cpp(44): warning C4996: 'strcpy': This function or variable may be unsafe. Consider using strcpy_s instead. To disable deprecation, use _CRT_SECURE_NO_WARNINGS. See online help for details.
                 c:\program files (x86)\microsoft visual studio 12.0\vc\include\string.h(112) : see declaration of 'strcpy'
     1>c:\users\pratik saxsena\ncrassignment\c++\assignment1\assignment1\program2.cpp(46): warning C4996: 'strcpy': This function or variable may be unsafe. Consider using strcpy_s instead. To disable deprecation, use _CRT_SECURE_NO_WARNINGS. See online help for details.
                 c:\program files (x86)\microsoft visual studio 12.0\vc\include\string.h(112) : see declaration of 'strcpy'
     1>c:\users\pratik saxsena\ncrassignment\c++\assignment1\assignment1\main.cpp(47): warning C4244: 'initializing' : conversion from 'double' to 'float', possible loss of data
     1>c:\users\pratik saxsena\ncrassignment\c++\assignment1\assignment1\main.cpp(58): warning C4244: 'initializing' : conversion from 'double' to 'float', possible loss of data
         Program5.cpp
         Generating Code...
       Link:
         C:\Program Files (x86)\Microsoft Visual Studio 12.0\VC\bin\link.exe /ERRORREPORT:PROMPT /OUT:"C:\Users\Pratik saxsena\NCRAssignment\C++\Assignment1\Debug\Assignment1.exe" /INCREMENTAL /NOLOGO kernel32.lib user32.lib gdi32.lib winspool.lib comdlg32.lib advapi32.lib shell32.lib ole32.lib oleaut32.lib uuid.lib odbc32.lib odbccp32.lib /MANIFEST /MANIFESTUAC:"level='asInvoker' uiAccess='false'" /manifest:embed /DEBUG /PDB:"C:\Users\Pratik saxsena\NCRAssignment\C++\Assignment1\Debug\Assignment1.pdb" /SUBSYSTEM:CONSOLE /TLBID:1 /DYNAMICBASE /NXCOMPAT /IMPLIB:"C:\Users\Pratik saxsena\NCRAssignment\C++\Assignment1\Debug\Assignment1.lib" /MACHINE:X86 Debug\main.obj
         Debug\Example.obj
         Debug\Problem9.obj
         Debug\Program5.obj
         Debug\Program3.obj
         Debug\Program1.obj
         Debug\Program2.obj
         Debug\Program4.obj
         Debug\Program6.obj
         Debug\Program8.obj
         Debug\stdafx.obj
         Assignment1.vcxproj -> C:\Users\Pratik saxsena\NCRAssignment\C++\Assignment1\Debug\Assignment1.exe
     1>Done Building Project "C:\Users\Pratik saxsena\NCRAssignment\C++\Assignment1\Assignment1\Assignment1.vcxproj" (Build target(s)).

Build succeeded.

Time Elapsed 00:00:01.70
