Build started 07-02-2019 12.20.24 PM.
     1>Project "C:\Users\Pratik saxsena\Desktop\CDAC\C-Programming\Assignment2\Assignment2\Assignment2.vcxproj" on node 2 (Build target(s)).
     1>ClCompile:
         C:\Program Files (x86)\Microsoft Visual Studio 12.0\VC\bin\CL.exe /c /ZI /nologo /W3 /WX- /sdl- /Od /Oy- /D WIN32 /D _DEBUG /D _CONSOLE /D _LIB /D _UNICODE /D UNICODE /Gm /EHsc /RTC1 /MDd /GS /fp:precise /Zc:wchar_t /Zc:forScope /Yu"stdafx.h" /Fp"Debug\Assignment2.pch" /Fo"Debug\\" /Fd"Debug\vc120.pdb" /Gd /TP /analyze- /errorReport:prompt Problem2.cpp
         Problem2.cpp
     1>c:\users\pratik saxsena\desktop\cdac\c-programming\assignment2\assignment2\problem2.cpp(25): warning C4244: '=' : conversion from 'long' to 'char', possible loss of data
     1>c:\users\pratik saxsena\desktop\cdac\c-programming\assignment2\assignment2\problem2.cpp(27): warning C4244: '=' : conversion from 'long' to 'char', possible loss of data
     1>c:\users\pratik saxsena\desktop\cdac\c-programming\assignment2\assignment2\problem2.cpp(41): warning C4996: 'gets': This function or variable may be unsafe. Consider using gets_s instead. To disable deprecation, use _CRT_SECURE_NO_WARNINGS. See online help for details.
                 c:\program files (x86)\microsoft visual studio 12.0\vc\include\stdio.h(254) : see declaration of 'gets'
       Link:
         C:\Program Files (x86)\Microsoft Visual Studio 12.0\VC\bin\link.exe /ERRORREPORT:PROMPT /OUT:"C:\Users\Pratik saxsena\Desktop\CDAC\C-Programming\Assignment2\Debug\Assignment2.exe" /INCREMENTAL /NOLOGO kernel32.lib user32.lib gdi32.lib winspool.lib comdlg32.lib advapi32.lib shell32.lib ole32.lib oleaut32.lib uuid.lib odbc32.lib odbccp32.lib /MANIFEST /MANIFESTUAC:"level='asInvoker' uiAccess='false'" /manifest:embed /DEBUG /PDB:"C:\Users\Pratik saxsena\Desktop\CDAC\C-Programming\Assignment2\Debug\Assignment2.pdb" /SUBSYSTEM:CONSOLE /TLBID:1 /DYNAMICBASE /NXCOMPAT /IMPLIB:"C:\Users\Pratik saxsena\Desktop\CDAC\C-Programming\Assignment2\Debug\Assignment2.lib" /MACHINE:X86 Debug\Problem1.obj
         Debug\Problem2.obj
         Debug\Problem3.obj
         Debug\Problem4.obj
         Debug\Problem5.obj
         Debug\stdafx.obj
         Assignment2.vcxproj -> C:\Users\Pratik saxsena\Desktop\CDAC\C-Programming\Assignment2\Debug\Assignment2.exe
     1>Done Building Project "C:\Users\Pratik saxsena\Desktop\CDAC\C-Programming\Assignment2\Assignment2\Assignment2.vcxproj" (Build target(s)).

Build succeeded.

Time Elapsed 00:00:00.78
