c:\users\pratik saxsena\ncrassignment\c-programming\assignment4\assignment4\calculator\debug\vc120.pdb
c:\users\pratik saxsena\ncrassignment\c-programming\assignment4\assignment4\calculator\debug\vc120.idb
c:\users\pratik saxsena\ncrassignment\c-programming\assignment4\assignment4\calculator\debug\string_input.obj
c:\users\pratik saxsena\ncrassignment\c-programming\assignment4\assignment4\calculator\debug\calculator.obj
c:\users\pratik saxsena\ncrassignment\c-programming\assignment4\assignment4\calculator\debug\infix_to_postfix.obj
c:\users\pratik saxsena\ncrassignment\c-programming\assignment4\assignment4\calculator\debug\inputvalidation.obj
c:\users\pratik saxsena\ncrassignment\c-programming\assignment4\assignment4\calculator\debug\my_int_stack.obj
c:\users\pratik saxsena\ncrassignment\c-programming\assignment4\assignment4\calculator\debug\my_stack.obj
c:\users\pratik saxsena\ncrassignment\c-programming\assignment4\assignment4\calculator\debug\postfix_evaluation.obj
c:\users\pratik saxsena\ncrassignment\c-programming\assignment4\assignment4\calculator\debug\my_long_double_stack.obj
c:\users\pratik saxsena\ncrassignment\c-programming\assignment4\assignment4\debug\calculator.ilk
c:\users\pratik saxsena\ncrassignment\c-programming\assignment4\assignment4\debug\calculator.exe
c:\users\pratik saxsena\ncrassignment\c-programming\assignment4\assignment4\debug\calculator.pdb
c:\users\pratik saxsena\ncrassignment\c-programming\assignment4\assignment4\calculator\debug\calculator.tlog\cl.command.1.tlog
c:\users\pratik saxsena\ncrassignment\c-programming\assignment4\assignment4\calculator\debug\calculator.tlog\cl.read.1.tlog
c:\users\pratik saxsena\ncrassignment\c-programming\assignment4\assignment4\calculator\debug\calculator.tlog\cl.write.1.tlog
c:\users\pratik saxsena\ncrassignment\c-programming\assignment4\assignment4\calculator\debug\calculator.tlog\link.18956.read.1.tlog
c:\users\pratik saxsena\ncrassignment\c-programming\assignment4\assignment4\calculator\debug\calculator.tlog\link.18956.write.1.tlog
c:\users\pratik saxsena\ncrassignment\c-programming\assignment4\assignment4\calculator\debug\calculator.tlog\link.command.1.tlog
c:\users\pratik saxsena\ncrassignment\c-programming\assignment4\assignment4\calculator\debug\calculator.tlog\link.read.1.tlog
c:\users\pratik saxsena\ncrassignment\c-programming\assignment4\assignment4\calculator\debug\calculator.tlog\link.write.1.tlog
